# JRE version: Java(TM) SE Runtime Environment (8.0_361) (build 1.8.0_361-b09)
# Java VM: Java HotSpot(TM) 64-Bit Server VM (25.361-b09 mixed mode bsd-amd64 compressed oops)
Heap:
 PSYoungGen      total 18944K, used 7381K [0x00000007beb00000, 0x00000007c0000000, 0x00000007c0000000)
  eden space 16384K, 29% used [0x00000007beb00000,0x00000007befbd428,0x00000007bfb00000)
  from space 2560K, 98% used [0x00000007bfb00000,0x00000007bfd78010,0x00000007bfd80000)
  to   space 2560K, 0% used [0x00000007bfd80000,0x00000007bfd80000,0x00000007c0000000)
 ParOldGen       total 44032K, used 4394K [0x00000007bc000000, 0x00000007beb00000, 0x00000007beb00000)
  object space 44032K, 9% used [0x00000007bc000000,0x00000007bc44aa40,0x00000007beb00000)
 Metaspace       used 12223K, capacity 12578K, committed 12928K, reserved 1060864K
  class space    used 1450K, capacity 1563K, committed 1664K, reserved 1048576K
GC Heap History (10 events):
Event: 0.975 GC heap before
{Heap before GC invocations=1 (full 0):
 PSYoungGen      total 18944K, used 16384K [0x00000007beb00000, 0x00000007c0000000, 0x00000007c0000000)
  eden space 16384K, 100% used [0x00000007beb00000,0x00000007bfb00000,0x00000007bfb00000)
  from space 2560K, 0% used [0x00000007bfd80000,0x00000007bfd80000,0x00000007c0000000)
  to   space 2560K, 0% used [0x00000007bfb00000,0x00000007bfb00000,0x00000007bfd80000)
 ParOldGen       total 44032K, used 0K [0x00000007bc000000, 0x00000007beb00000, 0x00000007beb00000)
  object space 44032K, 0% used [0x00000007bc000000,0x00000007bc000000,0x00000007beb00000)
 Metaspace       used 9245K, capacity 9448K, committed 9600K, reserved 1058816K
  class space    used 1083K, capacity 1140K, committed 1152K, reserved 1048576K
Event: 0.988 GC heap after
Heap after GC invocations=1 (full 0):
 PSYoungGen      total 18944K, used 2547K [0x00000007beb00000, 0x00000007c0000000, 0x00000007c0000000)
  eden space 16384K, 0% used [0x00000007beb00000,0x00000007beb00000,0x00000007bfb00000)
  from space 2560K, 99% used [0x00000007bfb00000,0x00000007bfd7cf48,0x00000007bfd80000)
  to   space 2560K, 0% used [0x00000007bfd80000,0x00000007bfd80000,0x00000007c0000000)
 ParOldGen       total 44032K, used 1939K [0x00000007bc000000, 0x00000007beb00000, 0x00000007beb00000)
  object space 44032K, 4% used [0x00000007bc000000,0x00000007bc1e4f10,0x00000007beb00000)
 Metaspace       used 9245K, capacity 9448K, committed 9600K, reserved 1058816K
  class space    used 1083K, capacity 1140K, committed 1152K, reserved 1048576K
}
Event: 2287.647 GC heap before
{Heap before GC invocations=2 (full 0):
 PSYoungGen      total 18944K, used 18931K [0x00000007beb00000, 0x00000007c0000000, 0x00000007c0000000)
  eden space 16384K, 100% used [0x00000007beb00000,0x00000007bfb00000,0x00000007bfb00000)
  from space 2560K, 99% used [0x00000007bfb00000,0x00000007bfd7cf48,0x00000007bfd80000)
  to   space 2560K, 0% used [0x00000007bfd80000,0x00000007bfd80000,0x00000007c0000000)
 ParOldGen       total 44032K, used 1939K [0x00000007bc000000, 0x00000007beb00000, 0x00000007beb00000)
  object space 44032K, 4% used [0x00000007bc000000,0x00000007bc1e4f10,0x00000007beb00000)
 Metaspace       used 12153K, capacity 12502K, committed 12672K, reserved 1060864K
  class space    used 1450K, capacity 1563K, committed 1664K, reserved 1048576K
Event: 2287.668 GC heap after
Heap after GC invocations=2 (full 0):
 PSYoungGen      total 18944K, used 2528K [0x00000007beb00000, 0x00000007c0000000, 0x00000007c0000000)
  eden space 16384K, 0% used [0x00000007beb00000,0x00000007beb00000,0x00000007bfb00000)
  from space 2560K, 98% used [0x00000007bfd80000,0x00000007bfff8010,0x00000007c0000000)
  to   space 2560K, 0% used [0x00000007bfb00000,0x00000007bfb00000,0x00000007bfd80000)
 ParOldGen       total 44032K, used 4074K [0x00000007bc000000, 0x00000007beb00000, 0x00000007beb00000)
  object space 44032K, 9% used [0x00000007bc000000,0x00000007bc3faa40,0x00000007beb00000)
 Metaspace       used 12153K, capacity 12502K, committed 12672K, reserved 1060864K
  class space    used 1450K, capacity 1563K, committed 1664K, reserved 1048576K
}
Event: 8558.461 GC heap before
{Heap before GC invocations=3 (full 0):
 PSYoungGen      total 18944K, used 18912K [0x00000007beb00000, 0x00000007c0000000, 0x00000007c0000000)
  eden space 16384K, 100% used [0x00000007beb00000,0x00000007bfb00000,0x00000007bfb00000)
  from space 2560K, 98% used [0x00000007bfd80000,0x00000007bfff8010,0x00000007c0000000)
  to   space 2560K, 0% used [0x00000007bfb00000,0x00000007bfb00000,0x00000007bfd80000)
 ParOldGen       total 44032K, used 4074K [0x00000007bc000000, 0x00000007beb00000, 0x00000007beb00000)
  object space 44032K, 9% used [0x00000007bc000000,0x00000007bc3faa40,0x00000007beb00000)
 Metaspace       used 12221K, capacity 12578K, committed 12928K, reserved 1060864K
  class space    used 1450K, capacity 1563K, committed 1664K, reserved 1048576K
Event: 8558.484 GC heap after
Heap after GC invocations=3 (full 0):
 PSYoungGen      total 18944K, used 2544K [0x00000007beb00000, 0x00000007c0000000, 0x00000007c0000000)
  eden space 16384K, 0% used [0x00000007beb00000,0x00000007beb00000,0x00000007bfb00000)
  from space 2560K, 99% used [0x00000007bfb00000,0x00000007bfd7c020,0x00000007bfd80000)
  to   space 2560K, 0% used [0x00000007bfd80000,0x00000007bfd80000,0x00000007c0000000)
 ParOldGen       total 44032K, used 4202K [0x00000007bc000000, 0x00000007beb00000, 0x00000007beb00000)
  object space 44032K, 9% used [0x00000007bc000000,0x00000007bc41aa40,0x00000007beb00000)
 Metaspace       used 12221K, capacity 12578K, committed 12928K, reserved 1060864K
  class space    used 1450K, capacity 1563K, committed 1664K, reserved 1048576K
}
Event: 14872.309 GC heap before
{Heap before GC invocations=4 (full 0):
 PSYoungGen      total 18944K, used 18928K [0x00000007beb00000, 0x00000007c0000000, 0x00000007c0000000)
  eden space 16384K, 100% used [0x00000007beb00000,0x00000007bfb00000,0x00000007bfb00000)
  from space 2560K, 99% used [0x00000007bfb00000,0x00000007bfd7c020,0x00000007bfd80000)
  to   space 2560K, 0% used [0x00000007bfd80000,0x00000007bfd80000,0x00000007c0000000)
 ParOldGen       total 44032K, used 4202K [0x00000007bc000000, 0x00000007beb00000, 0x00000007beb00000)
  object space 44032K, 9% used [0x00000007bc000000,0x00000007bc41aa40,0x00000007beb00000)
 Metaspace       used 12223K, capacity 12578K, committed 12928K, reserved 1060864K
  class space    used 1450K, capacity 1563K, committed 1664K, reserved 1048576K
Event: 14872.331 GC heap after
Heap after GC invocations=4 (full 0):
 PSYoungGen      total 18944K, used 2528K [0x00000007beb00000, 0x00000007c0000000, 0x00000007c0000000)
  eden space 16384K, 0% used [0x00000007beb00000,0x00000007beb00000,0x00000007bfb00000)
  from space 2560K, 98% used [0x00000007bfd80000,0x00000007bfff8010,0x00000007c0000000)
  to   space 2560K, 0% used [0x00000007bfb00000,0x00000007bfb00000,0x00000007bfd80000)
 ParOldGen       total 44032K, used 4266K [0x00000007bc000000, 0x00000007beb00000, 0x00000007beb00000)
  object space 44032K, 9% used [0x00000007bc000000,0x00000007bc42aa40,0x00000007beb00000)
 Metaspace       used 12223K, capacity 12578K, committed 12928K, reserved 1060864K
  class space    used 1450K, capacity 1563K, committed 1664K, reserved 1048576K
}
Event: 21134.630 GC heap before
{Heap before GC invocations=5 (full 0):
 PSYoungGen      total 18944K, used 18912K [0x00000007beb00000, 0x00000007c0000000, 0x00000007c0000000)
  eden space 16384K, 100% used [0x00000007beb00000,0x00000007bfb00000,0x00000007bfb00000)
  from space 2560K, 98% used [0x00000007bfd80000,0x00000007bfff8010,0x00000007c0000000)
  to   space 2560K, 0% used [0x00000007bfb00000,0x00000007bfb00000,0x00000007bfd80000)
 ParOldGen       total 44032K, used 4266K [0x00000007bc000000, 0x00000007beb00000, 0x00000007beb00000)
  object space 44032K, 9% used [0x00000007bc000000,0x00000007bc42aa40,0x00000007beb00000)
 Metaspace       used 12223K, capacity 12578K, committed 12928K, reserved 1060864K
  class space    used 1450K, capacity 1563K, committed 1664K, reserved 1048576K
Event: 21134.663 GC heap after
Heap after GC invocations=5 (full 0):
 PSYoungGen      total 18944K, used 2528K [0x00000007beb00000, 0x00000007c0000000, 0x00000007c0000000)
  eden space 16384K, 0% used [0x00000007beb00000,0x00000007beb00000,0x00000007bfb00000)
  from space 2560K, 98% used [0x00000007bfb00000,0x00000007bfd78010,0x00000007bfd80000)
  to   space 2560K, 0% used [0x00000007bfd80000,0x00000007bfd80000,0x00000007c0000000)
 ParOldGen       total 44032K, used 4394K [0x00000007bc000000, 0x00000007beb00000, 0x00000007beb00000)
  object space 44032K, 9% used [0x00000007bc000000,0x00000007bc44aa40,0x00000007beb00000)
 Metaspace       used 12223K, capacity 12578K, committed 12928K, reserved 1060864K
  class space    used 1450K, capacity 1563K, committed 1664K, reserved 1048576K
}

